120 1002
320 1004
13 400
5 410
150 1005
101 1010
400 1021
30 102
60 303
43 700
210 1002
300 1002
40 1003
40 202
310 1003
320 1004
6 240
33 600
103 1030
300 1020
43 700
50 104
21 300
21 300
24 600
42 600
40 1003
60 1005
6 150
150 1005
230 1004
330 1005
401 1040
12 300
31 400
40 202
60 501
200 1001
140 1004
3 210
3 120
103 1030
22 400
100 1000
43 700
20 1001
33 600
30 300
500 1013
60 501
500 1031
3 300
6 330
3 30
60 303
250 1006
7 340
130 1003
1 100
3 30
20 200
40 202
120 1002
302 1040
120 1002
10 100
30 1002
40 103
50 302
50 203
50 401
120 1002
120 1002
20 1001
34 700
3 30
20 1001
51 600
60 303
220 1003
400 1003
301 1030
203 1040
400 1030
5 500
15 600
500 1022
600 1032
60 303
3 120
41 500
60 501
330 1005
3 30
500 1004
300 1002
60 303
40 103
6 240
250 1006
4 130
20 1001
5 230
102 1020
14 500
140 1004
50 500
40 400
400 1021
600 1032
51 600
33 600
22 400
200 1010
20 1001
3 120
500 1040
303 1050
5 320
20 101
500 1013
400 1012
3 300
11 200
302 1040
40 202
60 402
50 302
600 1032
40 301
100 1000
24 600
402 1050
50 104
20 101
5 50
2 200
30 201
20 101
410 1004
4 220
600 1023
3 30
6 420
33 600
3 30
101 1010
240 1005
5 410
30 102
1 10
250 1006
40 1003
202 1030
101 1010
50 1004
100 1000
204 1050
3 30
30 102
204 1050
60 501
5 140
10 1000
23 500
500 1004
120 1002
4 310
33 600
110 1001
2 20
6 150
300 1002
100 1000
400 1021
6 150
201 1020
500 1013
200 1001
1 10
104 1040
500 1040
50 104
50 104
32 500
4 40
500 1031
30 102
3 210
4 400
230 1004
101 1010
20 1001
500 1040
50 104
104 1040
300 1011
2 110
500 1022
30 102
