NONE
NONE
5 230
NONE
NONE
10300 101020
10035 102600
1 10
400 1021
1 10
1 10
NONE
NONE
30 102
41 5000
4004 10250
NONE
13 400
NONE
12050 100304
1350 60003
6 150
202 1030
NONE
50 104
30000 100002
NONE
210 1002
1 10
32 500
30 102
301 1030
40 103
4 40
NONE
304010 1020104
NONE
NONE
4011 60000
405 5040
30004 400120
45 23400
6000 10302
NONE
42004 100450
24 1500
350001 1004130
401 1040
5 50
40 1003
320000 1000220
3005 100340
124 52000
1 100
1 10
1 10
405000 1030230
202023 1030500
220 1003
5003 10430
45 6300
NONE
NONE
NONE
220 1003
4300 10024
2600 10052
1 10
NONE
21 300
4002 20130
41 500
2023 310300
NONE
310201 1005010
50201 304010
NONE
16 40300
263 452000
30 102
20043 101700
35020 100405
105 4020
3040 110302
1 10
NONE
NONE
1 10
1010 10001
NONE
2 20
3600 40050
233 611000
5 50
NONE
70 4003
13430 700004
NONE
NONE
NONE
31400 100052
30 102
NONE
50 104
NONE
2032 10600
30 102
NONE
NONE
NONE
5002 10330
300 1011
30050 103202
20 101
5 50
2 20
145000 1000441
330 24000
10303 502000
3050 500300
1 10
NONE
NONE
1 10
4 130
2022 20400
NONE
NONE
NONE
1034 30500
2020 10102
101 10010
6 240
4024 70300
NONE
NONE
NONE
340020 1000305
30 1002
1 10
NONE
33 600
NONE
NONE
5 11300
5 50
NONE
4 2110
4500 10044
3 30
410 1004
204300 1030041
1020 10002
30 10101
2005 10150
1041 120300
231010 1000105
300 30000
NONE
503 24020
323 62000
25 122200
14 500
1 10
3 30
NONE
241 16000
NONE
2300 10022
NONE
NONE
500030 1031300
1 10
2400 30012
30450 603003
6030 220302
2 200
1 10
4003 10240
200043 1044000
4110 20004
3200 20021
240002 1005200
NONE
303 1050
NONE
1 10
1025 40400
1514 560000
4 40
NONE
1 10
540 54000
600 1023
350010 1004301
200051 1024100
24 600
NONE
30 102
240 1005
